生成启动时间为 2018/12/14 22:06:01。
     1>项目“E:\CrptLab\homework2\hw2_1\hw2_1.vcxproj”在节点 2 上(build 个目标)。
     1>InitializeBuildStatus:
         正在创建“Debug\hw2_1.unsuccessfulbuild”，因为已指定“AlwaysCreate”。
       ClCompile:
         d:\Visual Studio 2010\program\VC\bin\CL.exe /c /ZI /nologo /W3 /WX- /Od /Oy- /D _MBCS /Gm /EHsc /RTC1 /MDd /GS /fp:precise /Zc:wchar_t /Zc:forScope /Fo"Debug\\" /Fd"Debug\vc100.pdb" /Gd /TP /analyze- /errorReport:prompt hw2_1.cpp
         hw2_1.cpp
     1>e:\crptlab\homework2\hw2_1\hw2_1.h(33): warning C4996: 'std::basic_string<_Elem,_Traits,_Ax>::copy': Function call with parameters that may be unsafe - this call relies on the caller to check that the passed values are correct. To disable this warning, use -D_SCL_SECURE_NO_WARNINGS. See documentation on how to use Visual C++ 'Checked Iterators'
                 with
                 [
                     _Elem=char,
                     _Traits=std::char_traits<char>,
                     _Ax=std::allocator<char>
                 ]
                 d:\visual studio 2010\program\vc\include\xstring(1556) : 参见“std::basic_string<_Elem,_Traits,_Ax>::copy”的声明
                 with
                 [
                     _Elem=char,
                     _Traits=std::char_traits<char>,
                     _Ax=std::allocator<char>
                 ]
     1>e:\crptlab\homework2\hw2_1\hw2_1.h(56): warning C4996: 'std::basic_string<_Elem,_Traits,_Ax>::copy': Function call with parameters that may be unsafe - this call relies on the caller to check that the passed values are correct. To disable this warning, use -D_SCL_SECURE_NO_WARNINGS. See documentation on how to use Visual C++ 'Checked Iterators'
                 with
                 [
                     _Elem=char,
                     _Traits=std::char_traits<char>,
                     _Ax=std::allocator<char>
                 ]
                 d:\visual studio 2010\program\vc\include\xstring(1556) : 参见“std::basic_string<_Elem,_Traits,_Ax>::copy”的声明
                 with
                 [
                     _Elem=char,
                     _Traits=std::char_traits<char>,
                     _Ax=std::allocator<char>
                 ]
     1>e:\crptlab\homework2\hw2_1\hw2_1.cpp(124): warning C4101: “Bit_PlainText_l2”: 未引用的局部变量
     1>e:\crptlab\homework2\hw2_1\hw2_1.cpp(125): warning C4101: “Bit_PlainText_l3”: 未引用的局部变量
       Link:
         d:\Visual Studio 2010\program\VC\bin\link.exe /ERRORREPORT:PROMPT /OUT:"E:\CrptLab\homework2\hw2_1\Debug\hw2_1.exe" /NOLOGO kernel32.lib user32.lib gdi32.lib winspool.lib comdlg32.lib advapi32.lib shell32.lib ole32.lib oleaut32.lib uuid.lib odbc32.lib odbccp32.lib /MANIFEST /ManifestFile:"Debug\hw2_1.exe.intermediate.manifest" /MANIFESTUAC:"level='asInvoker' uiAccess='false'" /DEBUG /PDB:"E:\CrptLab\homework2\hw2_1\Debug\hw2_1.pdb" /TLBID:1 /DYNAMICBASE /NXCOMPAT /IMPLIB:"E:\CrptLab\homework2\hw2_1\Debug\hw2_1.lib" /MACHINE:X86 Debug\hw2_1.obj
         LINK : 没有找到 E:\CrptLab\homework2\hw2_1\Debug\hw2_1.exe 或上一个增量链接没有生成它；正在执行完全链接
         hw2_1.vcxproj -> E:\CrptLab\homework2\hw2_1\Debug\hw2_1.exe
       Manifest:
         C:\Program Files (x86)\Microsoft SDKs\Windows\v7.0A\bin\mt.exe /nologo /verbose /outputresource:"E:\CrptLab\homework2\hw2_1\Debug\hw2_1.exe;#1" /manifest Debug\hw2_1.exe.intermediate.manifest
       FinalizeBuildStatus:
         正在删除文件“Debug\hw2_1.unsuccessfulbuild”。
         正在对“Debug\hw2_1.lastbuildstate”执行 Touch 任务。
     1>已完成生成项目“E:\CrptLab\homework2\hw2_1\hw2_1.vcxproj”(build 个目标)的操作。

生成成功。

已用时间 00:00:00.76
