生成启动时间为 2018/12/22 15:15:02。
     1>项目“E:\CrptLab\homework4\hw4_1\hw4_1.vcxproj”在节点 2 上(build 个目标)。
     1>InitializeBuildStatus:
         正在创建“Debug\hw4_1.unsuccessfulbuild”，因为已指定“AlwaysCreate”。
       ClCompile:
         d:\Visual Studio 2010\program\VC\bin\CL.exe /c /ZI /nologo /W3 /WX- /Od /Oy- /D _MBCS /Gm /EHsc /RTC1 /MDd /GS /fp:precise /Zc:wchar_t /Zc:forScope /Fo"Debug\\" /Fd"Debug\vc100.pdb" /Gd /TP /analyze- /errorReport:prompt md5.cpp
         md5.cpp
     1>e:\crptlab\homework4\hw4_1\md5.cpp(122): warning C4554: “<<”: 检查运算符优先级可能存在的错误；使用圆括号阐明优先级
     1>e:\crptlab\homework4\hw4_1\md5.cpp(122): warning C4554: “>>”: 检查运算符优先级可能存在的错误；使用圆括号阐明优先级
       Link:
         d:\Visual Studio 2010\program\VC\bin\link.exe /ERRORREPORT:PROMPT /OUT:"E:\CrptLab\homework4\hw4_1\Debug\hw4_1.exe" /NOLOGO kernel32.lib user32.lib gdi32.lib winspool.lib comdlg32.lib advapi32.lib shell32.lib ole32.lib oleaut32.lib uuid.lib odbc32.lib odbccp32.lib /MANIFEST /ManifestFile:"Debug\hw4_1.exe.intermediate.manifest" /MANIFESTUAC:"level='asInvoker' uiAccess='false'" /DEBUG /PDB:"E:\CrptLab\homework4\hw4_1\Debug\hw4_1.pdb" /TLBID:1 /DYNAMICBASE /NXCOMPAT /IMPLIB:"E:\CrptLab\homework4\hw4_1\Debug\hw4_1.lib" /MACHINE:X86 Debug\main.obj
         Debug\md5.obj
         LINK : 没有找到 E:\CrptLab\homework4\hw4_1\Debug\hw4_1.exe 或上一个增量链接没有生成它；正在执行完全链接
         hw4_1.vcxproj -> E:\CrptLab\homework4\hw4_1\Debug\hw4_1.exe
       Manifest:
         C:\Program Files (x86)\Microsoft SDKs\Windows\v7.0A\bin\mt.exe /nologo /verbose /outputresource:"E:\CrptLab\homework4\hw4_1\Debug\hw4_1.exe;#1" /manifest Debug\hw4_1.exe.intermediate.manifest
       FinalizeBuildStatus:
         正在删除文件“Debug\hw4_1.unsuccessfulbuild”。
         正在对“Debug\hw4_1.lastbuildstate”执行 Touch 任务。
     1>已完成生成项目“E:\CrptLab\homework4\hw4_1\hw4_1.vcxproj”(build 个目标)的操作。

生成成功。

已用时间 00:00:00.89
