生成启动时间为 2018/12/12 14:36:06。
     1>项目“E:\CrptLab\homework1\hw1_3\hw1_3.vcxproj”在节点 2 上(build 个目标)。
     1>InitializeBuildStatus:
         正在创建“Debug\hw1_3.unsuccessfulbuild”，因为已指定“AlwaysCreate”。
       ClCompile:
         d:\Visual Studio 2010\program\VC\bin\CL.exe /c /ZI /nologo /W3 /WX- /Od /Oy- /D _MBCS /Gm /EHsc /RTC1 /MDd /GS /fp:precise /Zc:wchar_t /Zc:forScope /Fo"Debug\\" /Fd"Debug\vc100.pdb" /Gd /TP /analyze- /errorReport:prompt hw1_3.cpp
         hw1_3.cpp
     1>e:\crptlab\homework1\hw1_3\hw1_3.cpp(13): warning C4018: “<”: 有符号/无符号不匹配
     1>e:\crptlab\homework1\hw1_3\hw1_3.cpp(45): warning C4018: “<”: 有符号/无符号不匹配
     1>e:\crptlab\homework1\hw1_3\hw1_3.cpp(90): warning C4018: “<”: 有符号/无符号不匹配
     1>e:\crptlab\homework1\hw1_3\hw1_3.cpp(146): warning C4018: “<”: 有符号/无符号不匹配
     1>e:\crptlab\homework1\hw1_3\hw1_3.cpp(152): warning C4018: “<”: 有符号/无符号不匹配
     1>e:\crptlab\homework1\hw1_3\hw1_3.cpp(179): warning C4018: “<”: 有符号/无符号不匹配
     1>e:\crptlab\homework1\hw1_3\hw1_3.cpp(206): warning C4018: “<”: 有符号/无符号不匹配
       Link:
         d:\Visual Studio 2010\program\VC\bin\link.exe /ERRORREPORT:PROMPT /OUT:"E:\CrptLab\homework1\hw1_3\Debug\hw1_3.exe" /NOLOGO kernel32.lib user32.lib gdi32.lib winspool.lib comdlg32.lib advapi32.lib shell32.lib ole32.lib oleaut32.lib uuid.lib odbc32.lib odbccp32.lib /MANIFEST /ManifestFile:"Debug\hw1_3.exe.intermediate.manifest" /MANIFESTUAC:"level='asInvoker' uiAccess='false'" /DEBUG /PDB:"E:\CrptLab\homework1\hw1_3\Debug\hw1_3.pdb" /TLBID:1 /DYNAMICBASE /NXCOMPAT /IMPLIB:"E:\CrptLab\homework1\hw1_3\Debug\hw1_3.lib" /MACHINE:X86 Debug\hw1_3.obj
         LINK : 没有找到 E:\CrptLab\homework1\hw1_3\Debug\hw1_3.exe 或上一个增量链接没有生成它；正在执行完全链接
         hw1_3.vcxproj -> E:\CrptLab\homework1\hw1_3\Debug\hw1_3.exe
       Manifest:
         C:\Program Files (x86)\Microsoft SDKs\Windows\v7.0A\bin\mt.exe /nologo /verbose /outputresource:"E:\CrptLab\homework1\hw1_3\Debug\hw1_3.exe;#1" /manifest Debug\hw1_3.exe.intermediate.manifest
       FinalizeBuildStatus:
         正在删除文件“Debug\hw1_3.unsuccessfulbuild”。
         正在对“Debug\hw1_3.lastbuildstate”执行 Touch 任务。
     1>已完成生成项目“E:\CrptLab\homework1\hw1_3\hw1_3.vcxproj”(build 个目标)的操作。

生成成功。

已用时间 00:00:00.88
